  Reading Qt configuration (D:/Qt/6.6.3/msvc2019_64/bin/qmake)
  uic imageprocess.ui
  rcc imageprocess.qrc
  moc imageprocess.h
  moc SettingDialog.h
  moc Process\AnalyzerChartWidget.h
  moc Process\SharpnessAnalyzer.h
  moc Camera\CameraBase.h
   RCC: Warning: No resources in 'E:\__Code\VS2022Code\ImageProcess\ImageProcess\imageprocess.qrc'.
  CameraBase.cpp
  AnalyzerChartWidget.cpp
  SharpnessAnalyzer.cpp
  SettingDialog.cpp
  imageprocess.cpp
  main.cpp
  qrc_imageprocess.cpp
  moc_imageprocess.cpp
  moc_SettingDialog.cpp
  moc_AnalyzerChartWidget.cpp
  moc_SharpnessAnalyzer.cpp
  moc_CameraBase.cpp
  ImageProcess.vcxproj -> E:\__Code\VS2022Code\ImageProcess\bin64\ImageProcessD.exe
